<?xml version="1.0" encoding="UTF-8"?>
<!-- Generated by org.testng.reporters.JUnitReportReporter -->
<testsuite hostname="Binita-Laptop" failures="0" tests="1" name="tests.GetAndPostExamples" time="3.334" errors="0" timestamp="2024-04-30T15:34:07 AEST" skipped="0">
  <testcase classname="tests.GetAndPostExamples" name="testPost" time="3.334"/>
</testsuite> <!-- tests.GetAndPostExamples -->
