<?xml version="1.0" encoding="UTF-8"?>
<!-- Generated by org.testng.reporters.JUnitReportReporter -->
<testsuite hostname="Binita-Laptop" failures="0" tests="3" name="tests.PutPatchDeleteExamples" time="4.954" errors="0" timestamp="2024-04-30T15:53:25 AEST" skipped="0">
  <testcase classname="tests.PutPatchDeleteExamples" name="testPut" time="0.908"/>
  <testcase classname="tests.PutPatchDeleteExamples" name="testDelete" time="2.972"/>
  <testcase classname="tests.PutPatchDeleteExamples" name="testPatch" time="1.074"/>
</testsuite> <!-- tests.PutPatchDeleteExamples -->
