<?xml version="1.0" encoding="UTF-8"?>
<!-- Generated by org.testng.reporters.JUnitReportReporter -->
<testsuite hostname="Binita-Laptop" failures="0" tests="1" name="tests.JSONSchemaValidator" time="5.697" errors="0" timestamp="2024-05-02T16:18:29 AEST" skipped="0">
  <testcase classname="tests.JSONSchemaValidator" name="testGet" time="5.697"/>
</testsuite> <!-- tests.JSONSchemaValidator -->
