<?xml version="1.0" encoding="UTF-8"?>
<!-- Generated by org.testng.reporters.JUnitReportReporter -->
<testsuite hostname="Binita-Laptop" failures="0" tests="1" name="tests.XMLSchemaXSD" time="5.217" errors="0" timestamp="2024-05-03T17:01:07 AEST" skipped="0">
  <testcase classname="tests.XMLSchemaXSD" name="XMLValidation" time="5.217"/>
</testsuite> <!-- tests.XMLSchemaXSD -->
