<?xml version="1.0" encoding="UTF-8"?>
<!-- Generated by org.testng.reporters.JUnitReportReporter -->
<testsuite hostname="Binita-Laptop" failures="0" tests="1" name="tests.SoapXMLRequest" time="2.819" errors="0" timestamp="2024-05-02T14:45:26 AEST" skipped="0">
  <testcase classname="tests.SoapXMLRequest" name="validateSoapXml" time="2.819"/>
</testsuite> <!-- tests.SoapXMLRequest -->
